
12.04:17.15.09  INFO	ru.sfedu.my_pckg.utils.ConfigurationUtil:45 - Config path: .\src\main\resources\enviroment.properties
12.04:17.15.09  INFO	ru.sfedu.my_pckg.ProjectAppClient:40 - 20
12.04:17.17.40  INFO	ru.sfedu.my_pckg.utils.ConfigurationUtil:45 - Config path: .\src\main\resources\enviroment.properties
12.04:17.17.40  INFO	ru.sfedu.my_pckg.ProjectAppClient:40 - 20
12.04:17.40.33  INFO	ru.sfedu.my_pckg.ProjectAppClient:42 - [123]
12.04:17.41.33  INFO	ru.sfedu.my_pckg.ProjectAppClient:42 - 123
12.04:18.38.18 DEBUG	ru.sfedu.my_pckg.ProjectAppClient:36 - NAME
12.04:18.40.33  INFO	ru.sfedu.my_pckg.utils.ConfigurationUtil:45 - Config path: .\src\main\resources\enviroment.properties
12.04:18.40.33  INFO	ru.sfedu.my_pckg.ProjectAppClient:39 - John
12.04:18.40.44  INFO	ru.sfedu.my_pckg.utils.ConfigurationUtil:45 - Config path: .\src\main\resources\enviroment.properties
12.04:18.40.44  INFO	ru.sfedu.my_pckg.ProjectAppClient:39 - null
12.04:18.40.58 DEBUG	ru.sfedu.my_pckg.ProjectAppClient:36 - NAME
12.04:18.42.41  INFO	ru.sfedu.my_pckg.utils.ConfigurationUtil:45 - Config path: .\src\main\resources\enviroment.properties
12.04:18.42.41  INFO	ru.sfedu.my_pckg.ProjectAppClient:39 - John
12.04:18.43.17  INFO	ru.sfedu.my_pckg.utils.ConfigurationUtil:45 - Config path: .\src\main\resources\enviroment.properties
12.04:18.43.17  INFO	ru.sfedu.my_pckg.ProjectAppClient:39 - John
12.04:18.45.00  INFO	ru.sfedu.my_pckg.utils.ConfigurationUtil:45 - Config path: .\src\main\resources\enviroment.properties
12.04:18.45.00  INFO	ru.sfedu.my_pckg.ProjectAppClient:39 - John
12.04:18.45.42  INFO	ru.sfedu.my_pckg.utils.ConfigurationUtil:45 - Config path: .\src\main\resources\enviroment.properties
12.04:18.45.42  INFO	ru.sfedu.my_pckg.ProjectAppClient:39 - John
12.04:18.45.42  INFO	ru.sfedu.my_pckg.ProjectAppClient:40 - null
12.04:18.46.28  INFO	ru.sfedu.my_pckg.utils.ConfigurationUtil:45 - Config path: .\src\main\resources\enviroment.properties
12.04:18.46.28  INFO	ru.sfedu.my_pckg.ProjectAppClient:39 - John
12.04:18.46.28  INFO	ru.sfedu.my_pckg.ProjectAppClient:40 - null
12.04:18.47.14  INFO	ru.sfedu.my_pckg.utils.ConfigurationUtil:45 - Config path: .\src\main\resources\enviroment.properties
12.04:18.47.14  INFO	ru.sfedu.my_pckg.ProjectAppClient:39 - John
12.04:18.47.35  INFO	ru.sfedu.my_pckg.utils.ConfigurationUtil:45 - Config path: .\src\main\resources\enviroment.properties
12.04:18.47.35  INFO	ru.sfedu.my_pckg.ProjectAppClient:39 - John
12.04:18.51.34  INFO	ru.sfedu.my_pckg.utils.ConfigurationUtil:45 - Config path: .\src\main\resources\enviroment.properties
12.04:18.51.34  INFO	ru.sfedu.my_pckg.ProjectAppClient:39 - John
12.04:18.52.25  INFO	ru.sfedu.my_pckg.utils.ConfigurationUtil:45 - Config path: .\src\main\resources\enviroment.properties
12.04:18.52.25  INFO	ru.sfedu.my_pckg.ProjectAppClient:39 - John
12.04:18.52.54  INFO	ru.sfedu.my_pckg.utils.ConfigurationUtil:45 - Config path: .\src\main\resources\enviroment.properties
12.04:18.52.54  INFO	ru.sfedu.my_pckg.ProjectAppClient:39 - John
12.04:18.55.26  INFO	ru.sfedu.my_pckg.utils.ConfigurationUtil:45 - Config path: .\src\main\resources\enviroment.properties
12.04:18.55.26  INFO	ru.sfedu.my_pckg.ProjectAppClient:39 - John
12.04:18.56.15  INFO	ru.sfedu.my_pckg.utils.ConfigurationUtil:45 - Config path: .\src\main\resources\enviroment.properties
12.04:18.56.15  INFO	ru.sfedu.my_pckg.ProjectAppClient:39 - John
12.04:18.56.15  INFO	ru.sfedu.my_pckg.ProjectAppClient:40 - null
12.04:19.00.26  INFO	ru.sfedu.my_pckg.utils.ConfigurationUtil:45 - Config path: .\src\main\resources\enviroment.properties
12.04:19.00.26  INFO	ru.sfedu.my_pckg.ProjectAppClient:39 - John
12.04:19.00.26  INFO	ru.sfedu.my_pckg.ProjectAppClient:40 - null
12.04:19.00.26  INFO	ru.sfedu.my_pckg.ProjectAppClient:41 - {java.runtime.name=Java(TM) SE Runtime Environment, sun.boot.library.path=C:\Program Files\Java\jdk1.8.0_261\jre\bin, java.vm.version=25.261-b12, java.vm.vendor=Oracle Corporation, java.vendor.url=http://java.oracle.com/, path.separator=;, java.vm.name=Java HotSpot(TM) 64-Bit Server VM, file.encoding.pkg=sun.io, user.country=RU, user.script=, sun.java.launcher=SUN_STANDARD, sun.os.patch.level=, java.vm.specification.name=Java Virtual Machine Specification, user.dir=C:\Users\mbdoy\Desktop\ProjectApp, java.runtime.version=1.8.0_261-b12, java.awt.graphicsenv=sun.awt.Win32GraphicsEnvironment, java.endorsed.dirs=C:\Program Files\Java\jdk1.8.0_261\jre\lib\endorsed, os.arch=amd64, java.io.tmpdir=C:\Windows\TEMP\, line.separator=
, java.vm.specification.vendor=Oracle Corporation, user.variant=, os.name=Windows 10, sun.jnu.encoding=Cp1251, java.library.path=C:\Program Files\Java\jdk1.8.0_261\bin;C:\Windows\Sun\Java\bin;C:\Windows\system32;C:\Windows;C:\Program Files\Microsoft MPI\Bin\;C:\Program Files (x86)\Common Files\Oracle\Java\javapath;C:\Python38\Scripts\;C:\Python38\;C:\Windows\system32;C:\Windows;C:\Windows\System32\Wbem;C:\Windows\System32\WindowsPowerShell\v1.0\;C:\Windows\System32\OpenSSH\;C:\Program Files\nodejs\;C:\ProgramData\chocolatey\bin;C:\Program Files (x86)\Yarn\bin\;C:\Program Files\Amazon\AWSCLIV2\;C:\Program Files\Microsoft SQL Server\Client SDK\ODBC\170\Tools\Binn\;C:\Program Files (x86)\Microsoft SQL Server\150\Tools\Binn\;C:\Program Files\Microsoft SQL Server\150\Tools\Binn\;C:\Program Files\Microsoft SQL Server\150\DTS\Binn\;C:\apache-maven-3.6.3\bin;C:\Program Files (x86)\Microsoft SQL Server\150\DTS\Binn\;C:\Program Files\Git\cmd;C:\Users\mbdoy\AppData\Local\Programs\Python\Python37\Scripts\;C:\Users\mbdoy\AppData\Local\Programs\Python\Python37\;C:\Users\mbdoy\AppData\Local\Microsoft\WindowsApps;C:\Users\mbdoy\AppData\Local\Programs\Microsoft VS Code\bin;C:\Users\mbdoy\AppData\Roaming\npm;C:\Users\mbdoy\AppData\Local\Yarn\bin;C:\Users\mbdoy\AppData\Local\hyper\app-3.0.2\resources\bin;C:\Program Files\JetBrains\IntelliJ IDEA Community Edition 2020.1.3\bin;;., java.specification.name=Java Platform API Specification, java.class.version=52.0, sun.management.compiler=HotSpot 64-Bit Tiered Compilers, os.version=10.0, user.home=C:\Users\mbdoy, user.timezone=Europe/Moscow, java.awt.printerjob=sun.awt.windows.WPrinterJob, file.encoding=UTF-8, java.specification.version=1.8, java.class.path=C:\Program Files\Java\jdk1.8.0_261\jre\lib\charsets.jar;C:\Program Files\Java\jdk1.8.0_261\jre\lib\deploy.jar;C:\Program Files\Java\jdk1.8.0_261\jre\lib\ext\access-bridge-64.jar;C:\Program Files\Java\jdk1.8.0_261\jre\lib\ext\cldrdata.jar;C:\Program Files\Java\jdk1.8.0_261\jre\lib\ext\dnsns.jar;C:\Program Files\Java\jdk1.8.0_261\jre\lib\ext\jaccess.jar;C:\Program Files\Java\jdk1.8.0_261\jre\lib\ext\jfxrt.jar;C:\Program Files\Java\jdk1.8.0_261\jre\lib\ext\localedata.jar;C:\Program Files\Java\jdk1.8.0_261\jre\lib\ext\nashorn.jar;C:\Program Files\Java\jdk1.8.0_261\jre\lib\ext\sunec.jar;C:\Program Files\Java\jdk1.8.0_261\jre\lib\ext\sunjce_provider.jar;C:\Program Files\Java\jdk1.8.0_261\jre\lib\ext\sunmscapi.jar;C:\Program Files\Java\jdk1.8.0_261\jre\lib\ext\sunpkcs11.jar;C:\Program Files\Java\jdk1.8.0_261\jre\lib\ext\zipfs.jar;C:\Program Files\Java\jdk1.8.0_261\jre\lib\javaws.jar;C:\Program Files\Java\jdk1.8.0_261\jre\lib\jce.jar;C:\Program Files\Java\jdk1.8.0_261\jre\lib\jfr.jar;C:\Program Files\Java\jdk1.8.0_261\jre\lib\jfxswt.jar;C:\Program Files\Java\jdk1.8.0_261\jre\lib\jsse.jar;C:\Program Files\Java\jdk1.8.0_261\jre\lib\management-agent.jar;C:\Program Files\Java\jdk1.8.0_261\jre\lib\plugin.jar;C:\Program Files\Java\jdk1.8.0_261\jre\lib\resources.jar;C:\Program Files\Java\jdk1.8.0_261\jre\lib\rt.jar;C:\Users\mbdoy\Desktop\ProjectApp\target\classes;C:\Users\mbdoy\.m2\repository\org\apache\logging\log4j\log4j-core\2.13.3\log4j-core-2.13.3.jar;C:\Users\mbdoy\.m2\repository\org\apache\logging\log4j\log4j-api\2.13.3\log4j-api-2.13.3.jar;C:\Users\mbdoy\.m2\repository\com\opencsv\opencsv\5.3\opencsv-5.3.jar;C:\Users\mbdoy\.m2\repository\org\apache\commons\commons-lang3\3.11\commons-lang3-3.11.jar;C:\Users\mbdoy\.m2\repository\org\apache\commons\commons-text\1.9\commons-text-1.9.jar;C:\Users\mbdoy\.m2\repository\commons-beanutils\commons-beanutils\1.9.4\commons-beanutils-1.9.4.jar;C:\Users\mbdoy\.m2\repository\commons-logging\commons-logging\1.2\commons-logging-1.2.jar;C:\Users\mbdoy\.m2\repository\commons-collections\commons-collections\3.2.2\commons-collections-3.2.2.jar;C:\Users\mbdoy\.m2\repository\org\apache\commons\commons-collections4\4.4\commons-collections4-4.4.jar;C:\Program Files\JetBrains\IntelliJ IDEA Community Edition 2020.1.3\lib\idea_rt.jar, user.name=Red, java.vm.specification.version=1.8, sun.java.command=ru.sfedu.my_pckg.ProjectAppClient, java.home=C:\Program Files\Java\jdk1.8.0_261\jre, sun.arch.data.model=64, user.language=ru, java.specification.vendor=Oracle Corporation, awt.toolkit=sun.awt.windows.WToolkit, java.vm.info=mixed mode, java.version=1.8.0_261, java.ext.dirs=C:\Program Files\Java\jdk1.8.0_261\jre\lib\ext;C:\Windows\Sun\Java\lib\ext, sun.boot.class.path=C:\Program Files\Java\jdk1.8.0_261\jre\lib\resources.jar;C:\Program Files\Java\jdk1.8.0_261\jre\lib\rt.jar;C:\Program Files\Java\jdk1.8.0_261\jre\lib\sunrsasign.jar;C:\Program Files\Java\jdk1.8.0_261\jre\lib\jsse.jar;C:\Program Files\Java\jdk1.8.0_261\jre\lib\jce.jar;C:\Program Files\Java\jdk1.8.0_261\jre\lib\charsets.jar;C:\Program Files\Java\jdk1.8.0_261\jre\lib\jfr.jar;C:\Program Files\Java\jdk1.8.0_261\jre\classes, java.vendor=Oracle Corporation, file.separator=\, java.vendor.url.bug=http://bugreport.sun.com/bugreport/, sun.io.unicode.encoding=UnicodeLittle, sun.cpu.endian=little, sun.desktop=windows, sun.cpu.isalist=amd64}
12.04:19.03.12  INFO	ru.sfedu.my_pckg.utils.ConfigurationUtil:45 - Config path: .\src\main\resources\enviroment.properties
12.04:19.03.12  INFO	ru.sfedu.my_pckg.ProjectAppClient:39 - John
12.04:19.03.12  INFO	ru.sfedu.my_pckg.ProjectAppClient:40 - null
12.04:19.03.12  INFO	ru.sfedu.my_pckg.ProjectAppClient:41 - {java.runtime.name=Java(TM) SE Runtime Environment, sun.boot.library.path=C:\Program Files\Java\jdk1.8.0_261\jre\bin, java.vm.version=25.261-b12, java.vm.vendor=Oracle Corporation, java.vendor.url=http://java.oracle.com/, path.separator=;, java.vm.name=Java HotSpot(TM) 64-Bit Server VM, file.encoding.pkg=sun.io, user.country=RU, user.script=, sun.java.launcher=SUN_STANDARD, sun.os.patch.level=, java.vm.specification.name=Java Virtual Machine Specification, user.dir=C:\Users\mbdoy\Desktop\ProjectApp, java.runtime.version=1.8.0_261-b12, java.awt.graphicsenv=sun.awt.Win32GraphicsEnvironment, java.endorsed.dirs=C:\Program Files\Java\jdk1.8.0_261\jre\lib\endorsed, os.arch=amd64, java.io.tmpdir=C:\Windows\TEMP\, line.separator=
, java.vm.specification.vendor=Oracle Corporation, user.variant=, os.name=Windows 10, sun.jnu.encoding=Cp1251, java.library.path=C:\Program Files\Java\jdk1.8.0_261\bin;C:\Windows\Sun\Java\bin;C:\Windows\system32;C:\Windows;C:\Program Files\Microsoft MPI\Bin\;C:\Program Files (x86)\Common Files\Oracle\Java\javapath;C:\Python38\Scripts\;C:\Python38\;C:\Windows\system32;C:\Windows;C:\Windows\System32\Wbem;C:\Windows\System32\WindowsPowerShell\v1.0\;C:\Windows\System32\OpenSSH\;C:\Program Files\nodejs\;C:\ProgramData\chocolatey\bin;C:\Program Files (x86)\Yarn\bin\;C:\Program Files\Amazon\AWSCLIV2\;C:\Program Files\Microsoft SQL Server\Client SDK\ODBC\170\Tools\Binn\;C:\Program Files (x86)\Microsoft SQL Server\150\Tools\Binn\;C:\Program Files\Microsoft SQL Server\150\Tools\Binn\;C:\Program Files\Microsoft SQL Server\150\DTS\Binn\;C:\apache-maven-3.6.3\bin;C:\Program Files (x86)\Microsoft SQL Server\150\DTS\Binn\;C:\Program Files\Git\cmd;C:\Users\mbdoy\AppData\Local\Programs\Python\Python37\Scripts\;C:\Users\mbdoy\AppData\Local\Programs\Python\Python37\;C:\Users\mbdoy\AppData\Local\Microsoft\WindowsApps;C:\Users\mbdoy\AppData\Local\Programs\Microsoft VS Code\bin;C:\Users\mbdoy\AppData\Roaming\npm;C:\Users\mbdoy\AppData\Local\Yarn\bin;C:\Users\mbdoy\AppData\Local\hyper\app-3.0.2\resources\bin;C:\Program Files\JetBrains\IntelliJ IDEA Community Edition 2020.1.3\bin;;., java.specification.name=Java Platform API Specification, java.class.version=52.0, sun.management.compiler=HotSpot 64-Bit Tiered Compilers, os.version=10.0, user.home=C:\Users\mbdoy, user.timezone=Europe/Moscow, java.awt.printerjob=sun.awt.windows.WPrinterJob, file.encoding=UTF-8, java.specification.version=1.8, java.class.path=C:\Program Files\Java\jdk1.8.0_261\jre\lib\charsets.jar;C:\Program Files\Java\jdk1.8.0_261\jre\lib\deploy.jar;C:\Program Files\Java\jdk1.8.0_261\jre\lib\ext\access-bridge-64.jar;C:\Program Files\Java\jdk1.8.0_261\jre\lib\ext\cldrdata.jar;C:\Program Files\Java\jdk1.8.0_261\jre\lib\ext\dnsns.jar;C:\Program Files\Java\jdk1.8.0_261\jre\lib\ext\jaccess.jar;C:\Program Files\Java\jdk1.8.0_261\jre\lib\ext\jfxrt.jar;C:\Program Files\Java\jdk1.8.0_261\jre\lib\ext\localedata.jar;C:\Program Files\Java\jdk1.8.0_261\jre\lib\ext\nashorn.jar;C:\Program Files\Java\jdk1.8.0_261\jre\lib\ext\sunec.jar;C:\Program Files\Java\jdk1.8.0_261\jre\lib\ext\sunjce_provider.jar;C:\Program Files\Java\jdk1.8.0_261\jre\lib\ext\sunmscapi.jar;C:\Program Files\Java\jdk1.8.0_261\jre\lib\ext\sunpkcs11.jar;C:\Program Files\Java\jdk1.8.0_261\jre\lib\ext\zipfs.jar;C:\Program Files\Java\jdk1.8.0_261\jre\lib\javaws.jar;C:\Program Files\Java\jdk1.8.0_261\jre\lib\jce.jar;C:\Program Files\Java\jdk1.8.0_261\jre\lib\jfr.jar;C:\Program Files\Java\jdk1.8.0_261\jre\lib\jfxswt.jar;C:\Program Files\Java\jdk1.8.0_261\jre\lib\jsse.jar;C:\Program Files\Java\jdk1.8.0_261\jre\lib\management-agent.jar;C:\Program Files\Java\jdk1.8.0_261\jre\lib\plugin.jar;C:\Program Files\Java\jdk1.8.0_261\jre\lib\resources.jar;C:\Program Files\Java\jdk1.8.0_261\jre\lib\rt.jar;C:\Users\mbdoy\Desktop\ProjectApp\target\classes;C:\Users\mbdoy\.m2\repository\org\apache\logging\log4j\log4j-core\2.13.3\log4j-core-2.13.3.jar;C:\Users\mbdoy\.m2\repository\org\apache\logging\log4j\log4j-api\2.13.3\log4j-api-2.13.3.jar;C:\Users\mbdoy\.m2\repository\com\opencsv\opencsv\5.3\opencsv-5.3.jar;C:\Users\mbdoy\.m2\repository\org\apache\commons\commons-lang3\3.11\commons-lang3-3.11.jar;C:\Users\mbdoy\.m2\repository\org\apache\commons\commons-text\1.9\commons-text-1.9.jar;C:\Users\mbdoy\.m2\repository\commons-beanutils\commons-beanutils\1.9.4\commons-beanutils-1.9.4.jar;C:\Users\mbdoy\.m2\repository\commons-logging\commons-logging\1.2\commons-logging-1.2.jar;C:\Users\mbdoy\.m2\repository\commons-collections\commons-collections\3.2.2\commons-collections-3.2.2.jar;C:\Users\mbdoy\.m2\repository\org\apache\commons\commons-collections4\4.4\commons-collections4-4.4.jar;C:\Program Files\JetBrains\IntelliJ IDEA Community Edition 2020.1.3\lib\idea_rt.jar, user.name=Red, java.vm.specification.version=1.8, sun.java.command=ru.sfedu.my_pckg.ProjectAppClient, java.home=C:\Program Files\Java\jdk1.8.0_261\jre, sun.arch.data.model=64, user.language=ru, java.specification.vendor=Oracle Corporation, awt.toolkit=sun.awt.windows.WToolkit, java.vm.info=mixed mode, java.version=1.8.0_261, java.ext.dirs=C:\Program Files\Java\jdk1.8.0_261\jre\lib\ext;C:\Windows\Sun\Java\lib\ext, sun.boot.class.path=C:\Program Files\Java\jdk1.8.0_261\jre\lib\resources.jar;C:\Program Files\Java\jdk1.8.0_261\jre\lib\rt.jar;C:\Program Files\Java\jdk1.8.0_261\jre\lib\sunrsasign.jar;C:\Program Files\Java\jdk1.8.0_261\jre\lib\jsse.jar;C:\Program Files\Java\jdk1.8.0_261\jre\lib\jce.jar;C:\Program Files\Java\jdk1.8.0_261\jre\lib\charsets.jar;C:\Program Files\Java\jdk1.8.0_261\jre\lib\jfr.jar;C:\Program Files\Java\jdk1.8.0_261\jre\classes, java.vendor=Oracle Corporation, file.separator=\, java.vendor.url.bug=http://bugreport.sun.com/bugreport/, sun.io.unicode.encoding=UnicodeLittle, sun.cpu.endian=little, sun.desktop=windows, sun.cpu.isalist=amd64}
12.04:19.09.42  INFO	ru.sfedu.my_pckg.utils.ConfigurationUtil:45 - Config path: .\src\main\resources\enviroment.properties
12.04:19.09.42  INFO	ru.sfedu.my_pckg.ProjectAppClient:40 - John
12.04:19.09.42  INFO	ru.sfedu.my_pckg.ProjectAppClient:41 - null
12.04:19.09.42  INFO	ru.sfedu.my_pckg.ProjectAppClient:43 - null
12.04:19.14.40  INFO	ru.sfedu.my_pckg.utils.ConfigurationUtil:45 - Config path: %eviroment%
12.04:19.14.40 ERROR	ru.sfedu.my_pckg.utils.ConfigurationUtil:49 - java.io.FileNotFoundException: %eviroment% (Не удается найти указанный файл)
12.04:19.15.05  INFO	ru.sfedu.my_pckg.utils.ConfigurationUtil:45 - Config path: C:\Users\mbdoy\Desktop\enviroment.properties
12.04:19.15.05  INFO	ru.sfedu.my_pckg.ProjectAppClient:39 - null
12.04:19.15.05  INFO	ru.sfedu.my_pckg.ProjectAppClient:40 - C:\Users\mbdoy\Desktop\enviroment.properties
12.04:19.15.42  INFO	ru.sfedu.my_pckg.utils.ConfigurationUtil:45 - Config path: C:\Users\mbdoy\Desktop\enviroment.properties
12.04:19.15.42  INFO	ru.sfedu.my_pckg.ProjectAppClient:39 - "NAME"
12.04:19.15.42  INFO	ru.sfedu.my_pckg.ProjectAppClient:40 - C:\Users\mbdoy\Desktop\enviroment.properties
12.04:19.20.21  INFO	ru.sfedu.my_pckg.utils.ConfigurationUtil:45 - Config path: .\src\main\resources\enviroment.properties
12.04:19.20.21  INFO	ru.sfedu.my_pckg.ProjectAppClient:40 - John
12.04:19.20.21  INFO	ru.sfedu.my_pckg.ProjectAppClient:41 - null
12.04:19.20.21  INFO	ru.sfedu.my_pckg.ProjectAppClient:43 - null
12.04:19.32.02  INFO	ru.sfedu.my_pckg.utils.ConfigurationUtil:45 - Config path: .\src\main\resources\enviroment.properties
12.04:19.32.02  INFO	ru.sfedu.my_pckg.ProjectAppClient:33 - John
12.04:19.32.02  INFO	ru.sfedu.my_pckg.ProjectAppClient:34 - null
12.04:19.32.02  INFO	ru.sfedu.my_pckg.ProjectAppClient:36 - null
